{
  "RSpec": {
    "coverage": {
      "/Users/loganmcdonald/Dropbox/classwork/capstone_sandbox/lights_on_wa/app/controllers/candidates_controller.rb": [
        1,
        1,
        0,
        null,
        null,
        1,
        0,
        0,
        0,
        null,
        0,
        0,
        null,
        null,
        null
      ],
      "/Users/loganmcdonald/Dropbox/classwork/capstone_sandbox/lights_on_wa/app/controllers/application_controller.rb": [
        1,
        null,
        null,
        1,
        null,
        1,
        1,
        null,
        1,
        2,
        null,
        null,
        1,
        0,
        0,
        0,
        null,
        null,
        null,
        1,
        0,
        null,
        null
      ],
      "/Users/loganmcdonald/Dropbox/classwork/capstone_sandbox/lights_on_wa/app/controllers/sessions_controller.rb": [
        1,
        1,
        null,
        1,
        null,
        null,
        1,
        1,
        1,
        0,
        0,
        0,
        0,
        null,
        0,
        null,
        null,
        0,
        null,
        null,
        null,
        1,
        0,
        0,
        null,
        null
      ],
      "/Users/loganmcdonald/Dropbox/classwork/capstone_sandbox/lights_on_wa/app/controllers/users_controller.rb": [
        1,
        1,
        0,
        null,
        null
      ],
      "/Users/loganmcdonald/Dropbox/classwork/capstone_sandbox/lights_on_wa/app/controllers/welcome_controller.rb": [
        1,
        1,
        0,
        null,
        null,
        1,
        0,
        null,
        null
      ],
      "/Users/loganmcdonald/Dropbox/classwork/capstone_sandbox/lights_on_wa/app/models/candidate.rb": [
        1,
        1,
        1,
        null,
        1,
        1,
        1,
        1,
        1,
        null,
        1,
        0,
        null,
        null
      ],
      "/Users/loganmcdonald/Dropbox/classwork/capstone_sandbox/lights_on_wa/app/models/candidates_to_user.rb": [
        1,
        1,
        1,
        null
      ],
      "/Users/loganmcdonald/Dropbox/classwork/capstone_sandbox/lights_on_wa/app/models/contribution.rb": [
        1,
        1,
        1,
        null,
        1,
        null
      ],
      "/Users/loganmcdonald/Dropbox/classwork/capstone_sandbox/lights_on_wa/app/models/user.rb": [
        1,
        1,
        1,
        null,
        1,
        0,
        0,
        null,
        0,
        0,
        null,
        0,
        0,
        0,
        0,
        0,
        0,
        null,
        0,
        0,
        null,
        null,
        null,
        0,
        0,
        0,
        0,
        0,
        0,
        0,
        null,
        0,
        0,
        null,
        null,
        null,
        0,
        0,
        0,
        0,
        0,
        0,
        0,
        null,
        0,
        0,
        null,
        null,
        null,
        null,
        null,
        null
      ]
    },
    "timestamp": 1456430944
  }
}
